[01:34:34] [main/INFO] (FabricLoader/GameProvider) Loading Minecraft 1.19.2 with Fabric Loader 0.14.9
[01:34:35] [main/INFO] (FabricLoader) Loading 44 mods:
	- fabric-api 0.60.0+1.19.2
	- fabric-api-base 0.4.11+e62f51a390
	- fabric-api-lookup-api-v1 1.6.9+9ff28f4090
	- fabric-biome-api-v1 9.0.17+aeb40ebe90
	- fabric-blockrenderlayer-v1 1.1.20+aeb40ebe90
	- fabric-client-tags-api-v1 1.0.1+b35fea8390
	- fabric-command-api-v2 2.1.7+0c17ea9690
	- fabric-content-registries-v0 3.2.3+aeb40ebe90
	- fabric-convention-tags-v1 1.1.1+7cd20a1490
	- fabric-crash-report-info-v1 0.2.5+aeb40ebe90
	- fabric-data-generation-api-v1 5.1.8+a680b9b490
	- fabric-dimensions-v1 2.1.30+aeb40ebe90
	- fabric-entity-events-v1 1.4.18+9ff28f4090
	- fabric-events-interaction-v0 0.4.28+aeb40ebe90
	- fabric-game-rule-api-v1 1.0.21+aeb40ebe90
	- fabric-gametest-api-v1 1.0.35+e62f51a390
	- fabric-item-api-v1 1.5.7+35a03c4390
	- fabric-item-groups-v0 0.3.28+aeb40ebe90
	- fabric-key-binding-api-v1 1.0.20+aeb40ebe90
	- fabric-lifecycle-events-v1 2.1.2+aeb40ebe90
	- fabric-loot-api-v2 1.1.3+83a8659290
	- fabric-message-api-v1 5.0.3+176380a290
	- fabric-mining-level-api-v1 2.1.14+33fbc73890
	- fabric-models-v0 0.3.17+aeb40ebe90
	- fabric-networking-api-v1 1.2.4+5eb68ef290
	- fabric-object-builder-api-v1 4.0.11+aeb40ebe90
	- fabric-particles-v1 1.0.10+aeb40ebe90
	- fabric-registry-sync-v0 0.9.24+aeb40ebe90
	- fabric-renderer-api-v1 1.0.10+aeb40ebe90
	- fabric-renderer-indigo 0.6.12+aeb40ebe90
	- fabric-rendering-data-attachment-v1 0.3.14+aeb40ebe90
	- fabric-rendering-fluids-v1 3.0.7+aeb40ebe90
	- fabric-rendering-v1 1.10.16+aeb40ebe90
	- fabric-resource-conditions-api-v1 2.0.11+e62f51a390
	- fabric-resource-loader-v0 0.6.1+aeb40ebe90
	- fabric-screen-api-v1 1.0.26+f05effaf90
	- fabric-screen-handler-api-v1 1.2.13+9ff28f4090
	- fabric-textures-v0 1.0.20+aeb40ebe90
	- fabric-transfer-api-v1 2.0.11+83a8659290
	- fabric-transitive-access-wideners-v1 1.3.0+42d99c3290
	- fabricloader 0.14.9
	- java 17
	- minecraft 1.19.2
	- trashcans 0.0.1-1.19.X
[01:34:35] [main/INFO] (FabricLoader/Mixin) SpongePowered MIXIN Subsystem Version=0.8.5 Source=file:/home/farrucho/.gradle/caches/modules-2/files-2.1/net.fabricmc/sponge-mixin/0.11.4+mixin.0.8.5/c1dc27696aa4006e492c2485c9ccbcb26045a971/sponge-mixin-0.11.4+mixin.0.8.5.jar Service=Knot/Fabric Env=CLIENT
[01:34:35] [main/INFO] (FabricLoader/Mixin) Loaded Fabric development mappings for mixin remapper!
[01:34:35] [main/INFO] (FabricLoader/Mixin) Compatibility level set to JAVA_16
[01:34:35] [main/INFO] (FabricLoader/Mixin) Compatibility level set to JAVA_17
[01:34:36] [main/WARN] (FileUtil) Configuration conflict: there is more than one oshi.properties file on the classpath
[01:34:36] [main/WARN] (FileUtil) Configuration conflict: there is more than one oshi.architecture.properties file on the classpath
[01:34:39] [main/INFO] (Minecraft) Building optimized datafixer
[01:34:42] [Render thread/INFO] (Minecraft) Environment: authHost='https://authserver.mojang.com', accountsHost='https://api.mojang.com', sessionHost='https://sessionserver.mojang.com', servicesHost='https://api.minecraftservices.com', name='PROD'
[01:34:44] [Render thread/ERROR] (fabric-screen-api-v1) Failed to verify authentication
com.mojang.authlib.exceptions.InvalidCredentialsException: Status: 401
	at com.mojang.authlib.exceptions.MinecraftClientHttpException.toAuthenticationException(MinecraftClientHttpException.java:56) ~[authlib-3.11.49.jar:?]
	at com.mojang.authlib.yggdrasil.YggdrasilUserApiService.fetchProperties(YggdrasilUserApiService.java:155) ~[authlib-3.11.49.jar:?]
	at com.mojang.authlib.yggdrasil.YggdrasilUserApiService.<init>(YggdrasilUserApiService.java:55) ~[authlib-3.11.49.jar:?]
	at com.mojang.authlib.yggdrasil.YggdrasilAuthenticationService.createUserApiService(YggdrasilAuthenticationService.java:161) ~[authlib-3.11.49.jar:?]
	at net.minecraft.client.MinecraftClient.createUserApiService(MinecraftClient.java:711) [minecraft-project-@-merged-named.jar:?]
	at net.minecraft.client.MinecraftClient.<init>(MinecraftClient.java:431) [minecraft-project-@-merged-named.jar:?]
	at net.minecraft.client.main.Main.main(Main.java:205) [minecraft-project-@-merged-named.jar:?]
	at net.minecraft.client.main.Main.main(Main.java:51) [minecraft-project-@-merged-named.jar:?]
	at net.fabricmc.loader.impl.game.minecraft.MinecraftGameProvider.launch(MinecraftGameProvider.java:461) [fabric-loader-0.14.9.jar:?]
	at net.fabricmc.loader.impl.launch.knot.Knot.launch(Knot.java:74) [fabric-loader-0.14.9.jar:?]
	at net.fabricmc.loader.impl.launch.knot.KnotClient.main(KnotClient.java:23) [fabric-loader-0.14.9.jar:?]
	at net.fabricmc.devlaunchinjector.Main.main(Main.java:86) [dev-launch-injector-0.2.1+build.8.jar:?]
Caused by: com.mojang.authlib.exceptions.MinecraftClientHttpException: Status: 401
	at com.mojang.authlib.minecraft.client.MinecraftClient.readInputStream(MinecraftClient.java:85) ~[authlib-3.11.49.jar:?]
	at com.mojang.authlib.minecraft.client.MinecraftClient.get(MinecraftClient.java:48) ~[authlib-3.11.49.jar:?]
	at com.mojang.authlib.yggdrasil.YggdrasilUserApiService.fetchProperties(YggdrasilUserApiService.java:129) ~[authlib-3.11.49.jar:?]
	... 10 more
[01:34:44] [Render thread/INFO] (fabric-screen-api-v1) Setting user: Player919
[01:34:45] [Render thread/INFO] (Indigo) [Indigo] Registering Indigo renderer!
[01:34:46] [Render thread/INFO] (fabric-screen-api-v1) Backend library: LWJGL version 3.3.1 SNAPSHOT
[01:34:51] [Worker-Main-13/ERROR] (Minecraft) Failed to retrieve profile key pair
java.io.IOException: Could not retrieve profile key pair
	at net.minecraft.client.util.ProfileKeys.fetchKeyPair(ProfileKeys.java:130) ~[minecraft-project-@-merged-named.jar:?]
	at net.minecraft.client.util.ProfileKeys.method_44291(ProfileKeys.java:69) ~[minecraft-project-@-merged-named.jar:?]
	at java.util.concurrent.CompletableFuture$AsyncSupply.run(CompletableFuture.java:1768) [?:?]
	at java.util.concurrent.CompletableFuture$AsyncSupply.exec(CompletableFuture.java:1760) [?:?]
	at java.util.concurrent.ForkJoinTask.doExec(ForkJoinTask.java:373) [?:?]
	at java.util.concurrent.ForkJoinPool$WorkQueue.topLevelExec(ForkJoinPool.java:1182) [?:?]
	at java.util.concurrent.ForkJoinPool.scan(ForkJoinPool.java:1655) [?:?]
	at java.util.concurrent.ForkJoinPool.runWorker(ForkJoinPool.java:1622) [?:?]
	at java.util.concurrent.ForkJoinWorkerThread.run(ForkJoinWorkerThread.java:165) [?:?]
[01:34:51] [Render thread/WARN] (Minecraft) ERROR : Couldn't load Narrator library
java.lang.UnsatisfiedLinkError: libflite.so.1: cannot open shared object file: No such file or directory
	at com.sun.jna.Native.open(Native Method) ~[jna-5.10.0.jar:?]
	at com.sun.jna.NativeLibrary.loadLibrary(NativeLibrary.java:277) ~[jna-5.10.0.jar:?]
	at com.sun.jna.NativeLibrary.getInstance(NativeLibrary.java:461) ~[jna-5.10.0.jar:?]
	at com.sun.jna.NativeLibrary.getInstance(NativeLibrary.java:403) ~[jna-5.10.0.jar:?]
	at com.mojang.text2speech.NarratorLinux.<clinit>(NarratorLinux.java:18) [text2speech-1.13.9.jar:?]
	at com.mojang.text2speech.Narrator.getNarrator(Narrator.java:21) [text2speech-1.13.9.jar:?]
	at net.minecraft.client.util.NarratorManager.<init>(NarratorManager.java:19) [minecraft-project-@-merged-named.jar:?]
	at net.minecraft.client.MinecraftClient.<init>(MinecraftClient.java:637) [minecraft-project-@-merged-named.jar:?]
	at net.minecraft.client.main.Main.main(Main.java:205) [minecraft-project-@-merged-named.jar:?]
	at net.minecraft.client.main.Main.main(Main.java:51) [minecraft-project-@-merged-named.jar:?]
	at net.fabricmc.loader.impl.game.minecraft.MinecraftGameProvider.launch(MinecraftGameProvider.java:461) [fabric-loader-0.14.9.jar:?]
	at net.fabricmc.loader.impl.launch.knot.Knot.launch(Knot.java:74) [fabric-loader-0.14.9.jar:?]
	at net.fabricmc.loader.impl.launch.knot.KnotClient.main(KnotClient.java:23) [fabric-loader-0.14.9.jar:?]
	at net.fabricmc.devlaunchinjector.Main.main(Main.java:86) [dev-launch-injector-0.2.1+build.8.jar:?]
[01:34:51] [Render thread/INFO] (Minecraft) Reloading ResourceManager: Default, Fabric Mods (Fabric Item Groups (v0), Fabric Transitive Access Wideners (v1), Fabric Transfer API (v1), Fabric Content Registries (v0), Fabric Crash Report Info (v1), Fabric Object Builder API (v1), Fabric Client Tags, Fabric API, Fabric Renderer API (v1), Fabric Networking API (v1), Fabric Game Test API (v1), Fabric Renderer - Indigo, Fabric Dimensions API (v1), Fabric Game Rule API (v1), Fabric Message API (v1), Fabric Entity Events (v1), Fabric Rendering Data Attachment (v1), Fabric BlockRenderLayer Registration (v1), Fabric Screen Handler API (v1), Trash Cans Mod, Fabric Rendering Fluids (v1), Fabric Registry Sync (v0), Fabric Biome API (v1), Fabric Loot API (v2), Fabric API Base, Fabric Events Interaction (v0), Fabric Resource Loader (v0), Fabric Rendering (v1), Fabric Lifecycle Events (v1), Fabric Loader, Fabric API Lookup API (v1), Fabric Resource Conditions API (v1), Fabric Item API (v1), Fabric Screen API (v1), Fabric Mining Level API (v1), Fabric Key Binding API (v1), Fabric Data Generation API (v1), Fabric Particles (v1), Fabric Command API (v2), Fabric Convention Tags, Fabric Textures (v0), Fabric Models (v0))
[01:34:52] [Render thread/INFO] (trashcans) This line is printed by an example mod mixin!
[01:34:53] [Realms Notification Availability checker #1/INFO] (Minecraft) Could not authorize you against Realms server: Invalid session id
[01:34:57] [Render thread/WARN] (Minecraft) Missing sound for event: minecraft:item.goat_horn.play
[01:34:57] [Render thread/WARN] (Minecraft) Missing sound for event: minecraft:entity.goat.screaming.horn_break
[01:34:57] [Render thread/INFO] (Minecraft) OpenAL initialized on device JACK Default
[01:34:57] [Render thread/INFO] (Minecraft) Sound engine started
[01:34:57] [Render thread/INFO] (Minecraft) Created: 1024x1024x4 minecraft:textures/atlas/blocks.png-atlas
[01:34:57] [Render thread/INFO] (Minecraft) Created: 256x128x4 minecraft:textures/atlas/signs.png-atlas
[01:34:57] [Render thread/INFO] (Minecraft) Created: 1024x512x4 minecraft:textures/atlas/banner_patterns.png-atlas
[01:34:57] [Render thread/INFO] (Minecraft) Created: 1024x512x4 minecraft:textures/atlas/shield_patterns.png-atlas
[01:34:57] [Render thread/INFO] (Minecraft) Created: 256x256x4 minecraft:textures/atlas/chest.png-atlas
[01:34:57] [Render thread/INFO] (Minecraft) Created: 512x256x4 minecraft:textures/atlas/beds.png-atlas
[01:34:57] [Render thread/INFO] (Minecraft) Created: 512x256x4 minecraft:textures/atlas/shulker_boxes.png-atlas
[01:35:00] [Render thread/WARN] (Minecraft) Shader rendertype_entity_translucent_emissive could not find sampler named Sampler2 in the specified shader program.
[01:35:01] [Render thread/INFO] (Minecraft) Created: 512x256x0 minecraft:textures/atlas/particles.png-atlas
[01:35:01] [Render thread/INFO] (Minecraft) Created: 256x256x0 minecraft:textures/atlas/paintings.png-atlas
[01:35:01] [Render thread/INFO] (Minecraft) Created: 256x128x0 minecraft:textures/atlas/mob_effects.png-atlas
[01:35:01] [Render thread/INFO] (trashcans) This line is printed by an example mod mixin!
[01:35:13] [Render thread/INFO] (Minecraft) Loaded 7 recipes
[01:35:14] [Render thread/INFO] (Minecraft) Loaded 1179 advancements
[01:35:15] [Worker-Main-12/ERROR] (Minecraft) Failed to retrieve profile key pair
java.io.IOException: Could not retrieve profile key pair
	at net.minecraft.client.util.ProfileKeys.fetchKeyPair(ProfileKeys.java:130) ~[minecraft-project-@-merged-named.jar:?]
	at net.minecraft.client.util.ProfileKeys.method_44291(ProfileKeys.java:69) ~[minecraft-project-@-merged-named.jar:?]
	at java.util.concurrent.CompletableFuture$AsyncSupply.run(CompletableFuture.java:1768) [?:?]
	at java.util.concurrent.CompletableFuture$AsyncSupply.exec(CompletableFuture.java:1760) [?:?]
	at java.util.concurrent.ForkJoinTask.doExec(ForkJoinTask.java:373) [?:?]
	at java.util.concurrent.ForkJoinPool$WorkQueue.topLevelExec(ForkJoinPool.java:1182) [?:?]
	at java.util.concurrent.ForkJoinPool.scan(ForkJoinPool.java:1655) [?:?]
	at java.util.concurrent.ForkJoinPool.runWorker(ForkJoinPool.java:1622) [?:?]
	at java.util.concurrent.ForkJoinWorkerThread.run(ForkJoinWorkerThread.java:165) [?:?]
[01:35:16] [Render thread/INFO] (BiomeModificationImpl) Applied 0 biome modifications to 0 of 63 new biomes in 16.62 ms
[01:35:16] [Server thread/INFO] (Minecraft) Starting integrated minecraft server version 1.19.2
[01:35:16] [Server thread/INFO] (Minecraft) Generating keypair
[01:35:17] [Server thread/INFO] (Minecraft) Preparing start region for dimension minecraft:overworld
[01:35:17] [Worker-Bootstrap-11/INFO] (Minecraft) 4283 Datafixer optimizations took 37650 milliseconds
[01:35:20] [Render thread/INFO] (Minecraft) Preparing spawn area: 0%
[01:35:20] [Render thread/INFO] (Minecraft) Preparing spawn area: 0%
[01:35:20] [Render thread/INFO] (Minecraft) Preparing spawn area: 0%
[01:35:20] [Render thread/INFO] (Minecraft) Preparing spawn area: 0%
[01:35:20] [Render thread/INFO] (Minecraft) Preparing spawn area: 0%
[01:35:20] [Render thread/INFO] (Minecraft) Preparing spawn area: 0%
[01:35:20] [Render thread/INFO] (Minecraft) Preparing spawn area: 0%
[01:35:20] [Render thread/INFO] (Minecraft) Preparing spawn area: 1%
[01:35:21] [Render thread/INFO] (Minecraft) Preparing spawn area: 60%
[01:35:21] [Render thread/INFO] (Minecraft) Time elapsed: 4505 ms
[01:35:21] [Server thread/INFO] (Minecraft) Changing view distance to 2, from 10
[01:35:21] [Server thread/INFO] (Minecraft) Changing simulation distance to 5, from 0
[01:35:22] [Server thread/INFO] (Minecraft) Player919[local:E:0344486f] logged in with entity id 68 at (-259.5682127197322, 64.0, -1581.2982877724944)
[01:35:22] [Server thread/INFO] (Minecraft) Player919 joined the game
[01:35:23] [Render thread/INFO] (Minecraft) Loaded 0 advancements
[01:35:33] [Server thread/INFO] (Minecraft) [Player919: Gave 616 [Acacia Button] to Player919]
[01:35:33] [Render thread/INFO] (Minecraft) [System] [CHAT] Gave 616 [Acacia Button] to Player919
[01:35:33] [Render thread/INFO] (Minecraft) Loaded 2 advancements
[01:35:38] [Server thread/INFO] (Minecraft) [Player919: Gave 1 [Trash Can] to Player919]
[01:35:38] [Render thread/INFO] (Minecraft) [System] [CHAT] Gave 1 [Trash Can] to Player919
[01:35:44] [Server thread/INFO] (Minecraft) [Player919: Set own game mode to Survival Mode]
[01:35:44] [Render thread/INFO] (Minecraft) [System] [CHAT] Set own game mode to Survival Mode
[01:35:53] [Server thread/INFO] (Minecraft) Saving and pausing game...
[01:35:53] [Server thread/INFO] (Minecraft) Saving chunks for level 'ServerLevel[New World]'/minecraft:overworld
[01:35:53] [Server thread/INFO] (Minecraft) Saving chunks for level 'ServerLevel[New World]'/minecraft:the_nether
[01:35:53] [Server thread/INFO] (Minecraft) Saving chunks for level 'ServerLevel[New World]'/minecraft:the_end
[01:35:54] [Render thread/INFO] (fabric-screen-api-v1) Stopping!
[01:35:54] [Server thread/INFO] (Minecraft) Player919 lost connection: Disconnected
[01:35:54] [Server thread/INFO] (Minecraft) Player919 left the game
[01:35:54] [Server thread/INFO] (Minecraft) Stopping singleplayer server as player logged out
[01:35:55] [Server thread/INFO] (Minecraft) Stopping server
[01:35:55] [Server thread/INFO] (Minecraft) Saving players
[01:35:55] [Server thread/INFO] (Minecraft) Saving worlds
[01:35:56] [Server thread/INFO] (Minecraft) Saving chunks for level 'ServerLevel[New World]'/minecraft:overworld
[01:35:56] [Server thread/INFO] (Minecraft) Saving chunks for level 'ServerLevel[New World]'/minecraft:the_nether
[01:35:56] [Server thread/INFO] (Minecraft) Saving chunks for level 'ServerLevel[New World]'/minecraft:the_end
[01:35:56] [Server thread/INFO] (Minecraft) ThreadedAnvilChunkStorage (New World): All chunks are saved
[01:35:56] [Server thread/INFO] (Minecraft) ThreadedAnvilChunkStorage (DIM-1): All chunks are saved
[01:35:56] [Server thread/INFO] (Minecraft) ThreadedAnvilChunkStorage (DIM1): All chunks are saved
[01:35:56] [Server thread/INFO] (Minecraft) ThreadedAnvilChunkStorage: All dimensions are saved
